{
  "RSpec": {
    "coverage": {
      "/Users/jimszalewski/turing/final_module/exams/alt-fuel-finder/app/models/station.rb": [
        1,
        1,
        null,
        null,
        null,
        null,
        null,
        1,
        26,
        26,
        26,
        26,
        26,
        null,
        null,
        1,
        2,
        2,
        20,
        null,
        null,
        null
      ],
      "/Users/jimszalewski/turing/final_module/exams/alt-fuel-finder/app/controllers/welcome_controller.rb": [
        1,
        1,
        null,
        null,
        null
      ],
      "/Users/jimszalewski/turing/final_module/exams/alt-fuel-finder/app/controllers/application_controller.rb": [
        1,
        null,
        null,
        1,
        null
      ],
      "/Users/jimszalewski/turing/final_module/exams/alt-fuel-finder/app/controllers/search_controller.rb": [
        1,
        1,
        1,
        null,
        null
      ],
      "/Users/jimszalewski/turing/final_module/exams/alt-fuel-finder/app/services/nrel_service.rb": [
        1,
        1,
        3,
        3,
        null,
        null
      ],
      "/Users/jimszalewski/turing/final_module/exams/alt-fuel-finder/app/helpers/application_helper.rb": [
        0,
        0
      ]
    },
    "timestamp": 1508521685
  }
}
