{
  "RSpec": {
    "coverage": {
      "/Users/jimszalewski/turing/final_module/exams/alt-fuel-finder/app/models/station.rb": [
        1,
        1,
        null,
        null,
        null,
        null,
        null,
        1,
        11,
        11,
        11,
        11,
        11,
        null,
        null
      ],
      "/Users/jimszalewski/turing/final_module/exams/alt-fuel-finder/app/controllers/welcome_controller.rb": [
        1,
        1,
        null,
        null,
        null
      ],
      "/Users/jimszalewski/turing/final_module/exams/alt-fuel-finder/app/controllers/application_controller.rb": [
        1,
        null,
        null,
        1,
        null
      ],
      "/Users/jimszalewski/turing/final_module/exams/alt-fuel-finder/app/controllers/search_controller.rb": [
        1,
        1,
        1,
        1,
        null,
        null,
        null,
        null,
        null,
        1,
        null,
        1,
        null,
        1,
        10,
        null,
        null,
        null
      ],
      "/Users/jimszalewski/turing/final_module/exams/alt-fuel-finder/app/services/nrel_service.rb": [
        1,
        1,
        null,
        null,
        null
      ],
      "/Users/jimszalewski/turing/final_module/exams/alt-fuel-finder/app/helpers/application_helper.rb": [
        0,
        0
      ]
    },
    "timestamp": 1508347337
  }
}
